-------------------------------------------------------------------------------
Test set: TestSuite
-------------------------------------------------------------------------------
Tests run: 3, Failures: 3, Errors: 0, Skipped: 0, Time elapsed: 2.479 s <<< FAILURE! - in TestSuite
cucumberOptions.TestNGRunner.runScenario["Search experience for product search in home and offers page", "Optional[search and place order for products]"](3)  Time elapsed: 0.484 s  <<< FAILURE!
java.lang.IllegalStateException: The path to the driver executable The path to the driver executable must be set by the webdriver.chrome.driver system property; for more information, see https://github.com/SeleniumHQ/selenium/wiki/ChromeDriver. The latest version can be downloaded from https://chromedriver.storage.googleapis.com/index.html

cucumberOptions.TestNGRunner.runScenario["Search for product search in home and checkout", "Optional[place order for products]"](3)  Time elapsed: 0.485 s  <<< FAILURE!
java.lang.IllegalStateException: The path to the driver executable The path to the driver executable must be set by the webdriver.chrome.driver system property; for more information, see https://github.com/SeleniumHQ/selenium/wiki/ChromeDriver. The latest version can be downloaded from https://chromedriver.storage.googleapis.com/index.html

cucumberOptions.TestNGRunner.runScenario["Search experience for product search in home and offers page", "Optional[search and place order for products]"](3)  Time elapsed: 0.485 s  <<< FAILURE!
java.lang.IllegalStateException: The path to the driver executable The path to the driver executable must be set by the webdriver.chrome.driver system property; for more information, see https://github.com/SeleniumHQ/selenium/wiki/ChromeDriver. The latest version can be downloaded from https://chromedriver.storage.googleapis.com/index.html

